🩺 The doctor is checking the health of your Storybook..
╭ Incompatible packages found ────────────────────────────────────────────────────────────────────────╮
│                                                                                                     │
│   The following packages are incompatible with Storybook 7.6.20 as they depend on different major   │
│   versions of Storybook packages:                                                                   │
│   - @chromatic-com/storybook@3.2.5                                                                  │
│   - @storybook/addons@7.6.17                                                                        │
│   Repo: https://github.com/storybookjs/storybook/tree/next/code/deprecated/addons                   │
│   - storybook@8.6.4                                                                                 │
│   Repo: https://github.com/storybookjs/storybook/tree/next/code/lib/cli                             │
│                                                                                                     │
│                                                                                                     │
│   Please consider updating your packages or contacting the maintainers for compatibility details.   │
│   For more on Storybook 8 compatibility, see the linked GitHub issue:                               │
│   https://github.com/storybookjs/storybook/issues/26031                                             │
│                                                                                                     │
╰─────────────────────────────────────────────────────────────────────────────────────────────────────╯

You can always recheck the health of your project by running:
npx storybook doctor

Full logs are available in /Users/datvo/fdata/TelegramUI/doctor-storybook.log

